<?xml version="1.0" encoding="UTF-8"?>
<!-- Generated by org.testng.reporters.JUnitReportReporter -->
<testsuite hostname="LAPTOP-D4307DEK" failures="0" tests="1" name="LoginTest" time="5.548" errors="0" timestamp="2022-01-17T14:53:53 EST" skipped="0">
  <testcase classname="LoginTest" name="login" time="5.548"/>
  <system-out/>
</testsuite> <!-- LoginTest -->
