<?xml version="1.0" encoding="UTF-8"?>
<!-- Generated by org.testng.reporters.JUnitReportReporter -->
<testsuite hostname="LAPTOP-D4307DEK" failures="0" tests="1" name="LoginTest" time="3.112" errors="0" timestamp="2022-01-17T12:13:51 EST" skipped="0">
  <testcase classname="LoginTest" name="login" time="3.112"/>
  <system-out/>
</testsuite> <!-- LoginTest -->
